INFO:root:[1387478863.622655: [APP_START] ], 
INFO:root:[1387478863.754116: [0, AUDIO_MMAP_NOT_FOUND, 'Escribe el número 0'] ], 
INFO:root:[1387478863.754520: [0, GENERATE_AND_MMAP_FILE_START, '0_1387478863.754072', 'Escribe el número 0'] ], 
INFO:root:[1387478863.756273: [1, AUDIO_MMAP_NOT_FOUND, 'Escribe el número 1'] ], 
INFO:root:[1387478863.756566: [1, GENERATE_AND_MMAP_FILE_START, '1_1387478863.756247', 'Escribe el número 1'] ], 
INFO:root:[1387478863.757631: [2, AUDIO_MMAP_NOT_FOUND, 'Escribe el número 2'] ], 
INFO:root:[1387478863.757811: [2, GENERATE_AND_MMAP_FILE_START, '2_1387478863.757618', 'Escribe el número 2'] ], 
INFO:root:[1387478863.947657: [0, GENERATE_AND_MMAP_FILE_COMPLETE, '0_1387478863.754072', 'Escribe el número 0'] ], 
INFO:root:[1387478863.947883: [0, SEMAPHORE_WAIT_START, 0000:07:01.1-1.2] ], 
INFO:root:[1387478863.947937: [0, SEMAPHORE_WAIT_COMPLETE, 0000:07:01.1-1.2] ], 
INFO:root:[1387478863.949716: [1, GENERATE_AND_MMAP_FILE_COMPLETE, '1_1387478863.756247', 'Escribe el número 1'] ], 
INFO:root:[1387478863.949881: [1, SEMAPHORE_WAIT_START, 0000:07:01.1-1.3] ], 
INFO:root:[1387478863.949932: [1, SEMAPHORE_WAIT_COMPLETE, 0000:07:01.1-1.3] ], 
INFO:root:[1387478863.951064: [2, GENERATE_AND_MMAP_FILE_COMPLETE, '2_1387478863.757618', 'Escribe el número 2'] ], 
INFO:root:[1387478863.951375: [2, SEMAPHORE_WAIT_START, 0000:07:01.1-1.4] ], 
INFO:root:[1387478863.951487: [2, SEMAPHORE_WAIT_COMPLETE, 0000:07:01.1-1.4] ], 
INFO:root:[1387478863.966620: [1, AUDIO_PLAY_START, 'Escribe el número 1'] ], 
INFO:root:[1387478863.966620: [0, AUDIO_PLAY_START, 'Escribe el número 0'] ], 
INFO:root:[1387478863.970620: [2, AUDIO_PLAY_START, 'Escribe el número 2'] ], 
INFO:root:[1387478865.374823: [1, AUDIO_PLAY_COMPLETE, 'Escribe el número 1'] ], 
INFO:root:[1387478865.398803: [2, AUDIO_PLAY_COMPLETE, 'Escribe el número 2'] ], 
INFO:root:[1387478865.447737: [0, AUDIO_PLAY_COMPLETE, 'Escribe el número 0'] ], 
INFO:root:[1387478881.719937: [0, KEYPRESS, 'Pow'] ], 
INFO:root:[1387478881.720812: [0, SEMAPHORE_WAIT_START, 0000:07:01.1-1.2] ], 
INFO:root:[1387478881.720969: [0, SEMAPHORE_WAIT_COMPLETE, 0000:07:01.1-1.2] ], 
INFO:root:[1387478881.720967: [1, SEMAPHORE_WAIT_START, 0000:07:01.1-1.3] ], 
INFO:root:[1387478881.721154: [1, SEMAPHORE_WAIT_COMPLETE, 0000:07:01.1-1.3] ], 
INFO:root:[1387478881.721136: [2, SEMAPHORE_WAIT_START, 0000:07:01.1-1.4] ], 
INFO:root:[1387478881.721289: [2, SEMAPHORE_WAIT_COMPLETE, 0000:07:01.1-1.4] ], 
INFO:root:[1387478881.738611: [0, AUDIO_PLAY_START, 'Escribe el número 0'] ], 
INFO:root:[1387478881.738602: [1, AUDIO_PLAY_START, 'Escribe el número 1'] ], 
INFO:root:[1387478881.742595: [2, AUDIO_PLAY_START, 'Escribe el número 2'] ], 
INFO:root:[1387478883.113209: [0, KEYPRESS, '2'] ], 
INFO:root:[1387478883.147009: [1, AUDIO_PLAY_COMPLETE, 'Escribe el número 1'] ], 
INFO:root:[1387478883.171007: [2, AUDIO_PLAY_COMPLETE, 'Escribe el número 2'] ], 
INFO:root:[1387478883.219990: [0, AUDIO_PLAY_COMPLETE, 'Escribe el número 0'] ], 
INFO:root:[1387478883.954168: [0, KEYPRESS, 'PU'] ], 
INFO:root:[1387478885.305913: [0, KEYPRESS, 'Enter'] ], 
INFO:root:[1387478885.307623: [2, SEMAPHORE_WAIT_START, 0000:07:01.1-1.4] ], 
INFO:root:[1387478885.307721: [2, SEMAPHORE_WAIT_COMPLETE, 0000:07:01.1-1.4] ], 
INFO:root:[1387478885.326618: [2, AUDIO_PLAY_START, 'Ingresa tu nombre'] ], 
INFO:root:[1387478886.567668: [2, AUDIO_PLAY_COMPLETE, 'Ingresa tu nombre'] ], 
INFO:root:[1387478887.352820: [0, KEYPRESS, 't'] ], 
INFO:root:[1387478887.512774: [0, KEYPRESS, 'o'] ], 
INFO:root:[1387478887.848768: [0, KEYPRESS, 't'] ], 
INFO:root:[1387478887.920771: [0, KEYPRESS, 't'] ], 
INFO:root:[1387478887.984773: [0, KEYPRESS, 'i'] ], 
INFO:root:[1387478895.705005: [0, KEYPRESS, 'Enter'] ], 
INFO:root:[1387478895.705268: [2, PAREAMIENTO, Totti] ], 
INFO:root:[1387478896.012580: [2, SEMAPHORE_WAIT_START, 0000:07:01.1-1.4] ], 
INFO:root:[1387478896.012770: [2, SEMAPHORE_WAIT_COMPLETE, 0000:07:01.1-1.4] ], 
INFO:root:[1387478896.015516: [0, KEYPRESS, 'Enter'] ], 
INFO:root:[1387478896.030688: [2, AUDIO_PLAY_START, 'Presiona la letra r'] ], 
INFO:root:[1387478896.128946: [0, KEYPRESS, 'Enter'] ], 
INFO:root:[1387478897.419578: [2, AUDIO_PLAY_COMPLETE, 'Presiona la letra r'] ], 
INFO:root:[1387478898.597683: [0, KEYPRESS, 'r'] ], 
INFO:root:[1387478898.949694: [0, KEYPRESS, 'Enter'] ], 
INFO:root:[1387478898.949954: [2, CORRECT_ANSWER, , Presiona la letra r, r] ], 
INFO:root:[1387478898.951583: [2, AUDIO_MMAP_NOT_FOUND, 'Bien, Totti. '] ], 
INFO:root:[1387478898.951783: [2, GENERATE_AND_MMAP_FILE_START, '2_1387478898.951571', 'Bien, Totti. '] ], 
INFO:root:[1387478899.090712: [2, GENERATE_AND_MMAP_FILE_COMPLETE, '2_1387478898.951571', 'Bien, Totti. '] ], 
INFO:root:[1387478899.091065: [2, SEMAPHORE_WAIT_START, 0000:07:01.1-1.4] ], 
INFO:root:[1387478899.091171: [2, SEMAPHORE_WAIT_COMPLETE, 0000:07:01.1-1.4] ], 
INFO:root:[1387478899.106670: [2, AUDIO_PLAY_START, 'Bien, Totti. '] ], 
INFO:root:[1387478900.295355: [2, AUDIO_PLAY_COMPLETE, 'Bien, Totti. '] ], 
INFO:root:[1387478900.295574: [2, AUDIO_PLAY_START, 'Presiona la letra c'] ], 
INFO:root:[1387478901.661158: [2, AUDIO_PLAY_COMPLETE, 'Presiona la letra c'] ], 
INFO:root:[1387478902.389221: [0, KEYPRESS, 'c'] ], 
INFO:root:[1387478903.552242: [0, KEYPRESS, 'Enter'] ], 
INFO:root:[1387478903.552504: [2, CORRECT_ANSWER, , Presiona la letra c, c] ], 
INFO:root:[1387478903.554183: [2, SEMAPHORE_WAIT_START, 0000:07:01.1-1.4] ], 
INFO:root:[1387478903.554348: [2, SEMAPHORE_WAIT_COMPLETE, 0000:07:01.1-1.4] ], 
INFO:root:[1387478903.570664: [2, AUDIO_PLAY_START, 'Bien, Totti. '] ], 
INFO:root:[1387478904.758853: [2, AUDIO_PLAY_COMPLETE, 'Bien, Totti. '] ], 
INFO:root:[1387478904.759012: [2, AUDIO_PLAY_START, 'Presiona la letra b corta'] ], 
INFO:root:[1387478906.464684: [2, AUDIO_PLAY_COMPLETE, 'Presiona la letra b corta'] ], 
INFO:root:[1387478906.582932: [0, KEYPRESS, 'v'] ], 
INFO:root:[1387478907.335864: [0, KEYPRESS, 'Enter'] ], 
INFO:root:[1387478907.336122: [2, CORRECT_ANSWER, , Presiona la letra b corta, v] ], 
INFO:root:[1387478907.337812: [2, SEMAPHORE_WAIT_START, 0000:07:01.1-1.4] ], 
INFO:root:[1387478907.337990: [2, SEMAPHORE_WAIT_COMPLETE, 0000:07:01.1-1.4] ], 
INFO:root:[1387478907.354670: [2, AUDIO_PLAY_START, 'Bien, Totti. '] ], 
INFO:root:[1387478908.543543: [2, AUDIO_PLAY_COMPLETE, 'Bien, Totti. '] ], 
INFO:root:[1387478908.543757: [2, AUDIO_PLAY_START, 'Presiona la letra b'] ], 
INFO:root:[1387478909.869350: [2, AUDIO_PLAY_COMPLETE, 'Presiona la letra b'] ], 
INFO:root:[1387478910.550536: [0, KEYPRESS, 'b'] ], 
INFO:root:[1387478911.471338: [0, KEYPRESS, 'Enter'] ], 
INFO:root:[1387478911.471504: [2, CORRECT_ANSWER, , Presiona la letra b, b] ], 
INFO:root:[1387478911.472496: [2, SEMAPHORE_WAIT_START, 0000:07:01.1-1.4] ], 
INFO:root:[1387478911.472607: [2, SEMAPHORE_WAIT_COMPLETE, 0000:07:01.1-1.4] ], 
INFO:root:[1387478911.490610: [2, AUDIO_PLAY_START, 'Bien, Totti. '] ], 
INFO:root:[1387478912.679151: [2, AUDIO_PLAY_COMPLETE, 'Bien, Totti. '] ], 
INFO:root:[1387478912.679368: [2, AUDIO_PLAY_START, 'Presiona la letra doble b'] ], 
INFO:root:[1387478914.284938: [2, AUDIO_PLAY_COMPLETE, 'Presiona la letra doble b'] ], 
INFO:root:[1387478914.724163: [0, KEYPRESS, 'w'] ], 
INFO:root:[1387478915.055059: [0, KEYPRESS, 'Enter'] ], 
INFO:root:[1387478915.055364: [2, CORRECT_ANSWER, , Presiona la letra doble b, w] ], 
INFO:root:[1387478915.058359: [2, LEVEL_UP, 2] ], 
INFO:root:[1387478915.058995: [2, SEMAPHORE_WAIT_START, 0000:07:01.1-1.4] ], 
INFO:root:[1387478915.059151: [2, SEMAPHORE_WAIT_COMPLETE, 0000:07:01.1-1.4] ], 
INFO:root:[1387478915.074650: [2, AUDIO_PLAY_START, 'Bien, Totti. '] ], 
INFO:root:[1387478916.262723: [2, AUDIO_PLAY_COMPLETE, 'Bien, Totti. '] ], 
INFO:root:[1387478916.262860: [2, AUDIO_PLAY_START, 'En cuál de estas palabras se encuentra la letra M?'] ], 
INFO:root:[1387478917.627730: [0, KEYPRESS, '-v'] ], 
INFO:root:[1387478917.933797: [0, KEYPRESS, '-v'] ], 
INFO:root:[1387478918.222820: [0, KEYPRESS, '-^'] ], 
INFO:root:[1387478919.008488: [2, AUDIO_PLAY_COMPLETE, 'En cuál de estas palabras se encuentra la letra M?'] ], 
INFO:root:[1387478919.061680: [0, KEYPRESS, '-v'] ], 
INFO:root:[1387478919.539693: [0, KEYPRESS, 'Enter'] ], 
INFO:root:[1387478919.539957: [2, CORRECT_ANSWER, La escuela es hermosa., ¿En cuál de estas palabras se encuentra la letra M?, hermosa] ], 
INFO:root:[1387478919.542285: [2, SEMAPHORE_WAIT_START, 0000:07:01.1-1.4] ], 
INFO:root:[1387478919.542436: [2, SEMAPHORE_WAIT_COMPLETE, 0000:07:01.1-1.4] ], 
INFO:root:[1387478919.558690: [2, AUDIO_PLAY_START, 'Bien, Totti. '] ], 
INFO:root:[1387478920.747346: [2, AUDIO_PLAY_COMPLETE, 'Bien, Totti. '] ], 
INFO:root:[1387478920.747568: [2, AUDIO_PLAY_START, 'En cuál de estas palabras se encuentra la letra Z?'] ], 
INFO:root:[1387478923.693007: [2, AUDIO_PLAY_COMPLETE, 'En cuál de estas palabras se encuentra la letra Z?'] ], 
INFO:root:[1387478923.854262: [0, KEYPRESS, '-v'] ], 
INFO:root:[1387478924.246217: [0, KEYPRESS, '-^'] ], 
INFO:root:[1387478924.813994: [0, KEYPRESS, 'Enter'] ], 
INFO:root:[1387478924.814182: [2, CORRECT_ANSWER, Los zorros viven en el desierto y las montañas., ¿En cuál de estas palabras se encuentra la letra Z?, zorros] ], 
INFO:root:[1387478924.815619: [2, SEMAPHORE_WAIT_START, 0000:07:01.1-1.4] ], 
INFO:root:[1387478924.815712: [2, SEMAPHORE_WAIT_COMPLETE, 0000:07:01.1-1.4] ], 
INFO:root:[1387478924.834717: [2, AUDIO_PLAY_START, 'Bien, Totti. '] ], 
INFO:root:[1387478926.022832: [2, AUDIO_PLAY_COMPLETE, 'Bien, Totti. '] ], 
INFO:root:[1387478926.023055: [2, AUDIO_PLAY_START, 'En cuál de estas palabras se encuentra la letra Y griega?'] ], 
INFO:root:[1387478928.877696: [0, KEYPRESS, '-v'] ], 
INFO:root:[1387478928.975544: [2, AUDIO_PLAY_COMPLETE, 'En cuál de estas palabras se encuentra la letra Y griega?'] ], 
INFO:root:[1387478929.309690: [0, KEYPRESS, '-v'] ], 
INFO:root:[1387478929.853653: [0, KEYPRESS, 'Enter'] ], 
INFO:root:[1387478929.853930: [2, CORRECT_ANSWER, Mi mamá todas las mañanas hace yoga., ¿En cuál de estas palabras se encuentra la letra Y griega?, yoga] ], 
INFO:root:[1387478929.856790: [2, SEMAPHORE_WAIT_START, 0000:07:01.1-1.4] ], 
INFO:root:[1387478929.856946: [2, SEMAPHORE_WAIT_COMPLETE, 0000:07:01.1-1.4] ], 
INFO:root:[1387478929.874665: [2, AUDIO_PLAY_START, 'Bien, Totti. '] ], 
INFO:root:[1387478931.063296: [2, AUDIO_PLAY_COMPLETE, 'Bien, Totti. '] ], 
INFO:root:[1387478931.063513: [2, AUDIO_PLAY_START, 'En cuál de estas palabras se encuentra la letra M?'] ], 
INFO:root:[1387478933.809021: [2, AUDIO_PLAY_COMPLETE, 'En cuál de estas palabras se encuentra la letra M?'] ], 
INFO:root:[1387478949.754720: [0, KEYPRESS, '-v'] ], 
INFO:root:[1387478950.059636: [0, KEYPRESS, '-v'] ], 
INFO:root:[1387478950.731526: [0, KEYPRESS, 'Enter'] ], 
INFO:root:[1387478950.731703: [2, CORRECT_ANSWER, Mi tío Hugo anda en moto., ¿En cuál de estas palabras se encuentra la letra M?, moto] ], 
INFO:root:[1387478950.733844: [2, SEMAPHORE_WAIT_START, 0000:07:01.1-1.4] ], 
INFO:root:[1387478950.733997: [2, SEMAPHORE_WAIT_COMPLETE, 0000:07:01.1-1.4] ], 
INFO:root:[1387478950.750634: [2, AUDIO_PLAY_START, 'Bien, Totti. '] ], 
INFO:root:[1387478951.939246: [2, AUDIO_PLAY_COMPLETE, 'Bien, Totti. '] ], 
INFO:root:[1387478951.939463: [2, AUDIO_PLAY_START, 'En cuál de estas palabras se encuentra la letra G?'] ], 
INFO:root:[1387478954.692028: [2, AUDIO_PLAY_COMPLETE, 'En cuál de estas palabras se encuentra la letra G?'] ], 
INFO:root:[1387478955.066140: [0, KEYPRESS, '-v'] ], 
INFO:root:[1387478955.490149: [0, KEYPRESS, '-v'] ], 
INFO:root:[1387478957.457956: [0, KEYPRESS, 'Enter'] ], 
INFO:root:[1387478957.458223: [2, CORRECT_ANSWER, Mi mamá dice que no debo comer muchas hamburguesas porque tienen grasa., ¿En cuál de estas palabras se encuentra la letra G?, hamburguesas] ], 
INFO:root:[1387478957.459501: [2, LEVEL_UP, 5] ], 
INFO:root:[1387478957.460239: [2, SEMAPHORE_WAIT_START, 0000:07:01.1-1.4] ], 
INFO:root:[1387478957.460394: [2, SEMAPHORE_WAIT_COMPLETE, 0000:07:01.1-1.4] ], 
INFO:root:[1387478957.478675: [2, AUDIO_PLAY_START, 'Bien, Totti. '] ], 
INFO:root:[1387478958.667624: [2, AUDIO_PLAY_COMPLETE, 'Bien, Totti. '] ], 
INFO:root:[1387478958.667849: [2, AUDIO_PLAY_START, 'Cuántas vocales tiene la siguiente palabra?'] ], 
INFO:root:[1387478961.073347: [2, AUDIO_PLAY_COMPLETE, 'Cuántas vocales tiene la siguiente palabra?'] ], 
INFO:root:[1387478963.162308: [0, KEYPRESS, '5'] ], 
INFO:root:[1387478963.858269: [0, KEYPRESS, 'Enter'] ], 
INFO:root:[1387478963.858622: [2, CORRECT_ANSWER, abuelita, ¿Cuántas vocales tiene la siguiente palabra?, 5] ], 
INFO:root:[1387478963.860964: [2, SEMAPHORE_WAIT_START, 0000:07:01.1-1.4] ], 
INFO:root:[1387478963.861123: [2, SEMAPHORE_WAIT_COMPLETE, 0000:07:01.1-1.4] ], 
INFO:root:[1387478963.878669: [2, AUDIO_PLAY_START, 'Bien, Totti. '] ], 
INFO:root:[1387478965.067007: [2, AUDIO_PLAY_COMPLETE, 'Bien, Totti. '] ], 
INFO:root:[1387478965.067221: [2, AUDIO_PLAY_START, 'Cuántas vocales tiene la siguiente palabra?'] ], 
INFO:root:[1387478966.890068: [0, KEYPRESS, '3'] ], 
INFO:root:[1387478967.472728: [2, AUDIO_PLAY_COMPLETE, 'Cuántas vocales tiene la siguiente palabra?'] ], 
INFO:root:[1387478967.585951: [0, KEYPRESS, 'Enter'] ], 
INFO:root:[1387478967.586241: [2, CORRECT_ANSWER, caracol, ¿Cuántas vocales tiene la siguiente palabra?, 3] ], 
INFO:root:[1387478967.588595: [2, SEMAPHORE_WAIT_START, 0000:07:01.1-1.4] ], 
INFO:root:[1387478967.588767: [2, SEMAPHORE_WAIT_COMPLETE, 0000:07:01.1-1.4] ], 
INFO:root:[1387478967.606677: [2, AUDIO_PLAY_START, 'Bien, Totti. '] ], 
INFO:root:[1387478968.795640: [2, AUDIO_PLAY_COMPLETE, 'Bien, Totti. '] ], 
INFO:root:[1387478968.795863: [2, AUDIO_PLAY_START, 'Cuántas vocales tiene la siguiente palabra?'] ], 
INFO:root:[1387478969.904705: [0, KEYPRESS, '3'] ], 
INFO:root:[1387478971.201384: [2, AUDIO_PLAY_COMPLETE, 'Cuántas vocales tiene la siguiente palabra?'] ], 
INFO:root:[1387478971.376592: [0, KEYPRESS, 'Enter'] ], 
INFO:root:[1387478971.376919: [2, CORRECT_ANSWER, tiburón, ¿Cuántas vocales tiene la siguiente palabra?, 3] ], 
INFO:root:[1387478971.379245: [2, SEMAPHORE_WAIT_START, 0000:07:01.1-1.4] ], 
INFO:root:[1387478971.379398: [2, SEMAPHORE_WAIT_COMPLETE, 0000:07:01.1-1.4] ], 
INFO:root:[1387478971.394680: [2, AUDIO_PLAY_START, 'Bien, Totti. '] ], 
INFO:root:[1387478972.583219: [2, AUDIO_PLAY_COMPLETE, 'Bien, Totti. '] ], 
INFO:root:[1387478972.583447: [2, AUDIO_PLAY_START, 'Cuántas vocales tiene la siguiente palabra?'] ], 
INFO:root:[1387478974.989001: [2, AUDIO_PLAY_COMPLETE, 'Cuántas vocales tiene la siguiente palabra?'] ], 
INFO:root:[1387478990.885077: [2, KEYPRESS, 'Pow'] ], 
INFO:root:[1387478990.885517: [0, SEMAPHORE_WAIT_START, 0000:07:01.1-1.2] ], 
INFO:root:[1387478990.885666: [0, SEMAPHORE_WAIT_COMPLETE, 0000:07:01.1-1.2] ], 
INFO:root:[1387478990.885686: [1, SEMAPHORE_WAIT_START, 0000:07:01.1-1.3] ], 
INFO:root:[1387478990.885868: [1, SEMAPHORE_WAIT_COMPLETE, 0000:07:01.1-1.3] ], 
INFO:root:[1387478990.902600: [0, AUDIO_PLAY_START, 'Escribe el número 0'] ], 
INFO:root:[1387478990.902621: [1, AUDIO_PLAY_START, 'Escribe el número 1'] ], 
INFO:root:[1387478992.311310: [1, AUDIO_PLAY_COMPLETE, 'Escribe el número 1'] ], 
INFO:root:[1387478992.384234: [0, AUDIO_PLAY_COMPLETE, 'Escribe el número 0'] ], 
INFO:root:[1387478993.623831: [1, KEYPRESS, 'Pow'] ], 
INFO:root:[1387478993.624381: [0, SEMAPHORE_WAIT_START, 0000:07:01.1-1.2] ], 
INFO:root:[1387478993.624570: [0, SEMAPHORE_WAIT_COMPLETE, 0000:07:01.1-1.2] ], 
INFO:root:[1387478993.624542: [1, SEMAPHORE_WAIT_START, 0000:07:01.1-1.3] ], 
INFO:root:[1387478993.624658: [1, SEMAPHORE_WAIT_COMPLETE, 0000:07:01.1-1.3] ], 
INFO:root:[1387478993.642635: [0, AUDIO_PLAY_START, 'Escribe el número 0'] ], 
INFO:root:[1387478993.642612: [1, AUDIO_PLAY_START, 'Escribe el número 1'] ], 
INFO:root:[1387478994.158330: [1, KEYPRESS, 'Pow'] ], 
INFO:root:[1387478994.414313: [1, KEYPRESS, 'Pow'] ], 
INFO:root:[1387478995.051028: [1, AUDIO_PLAY_COMPLETE, 'Escribe el número 1'] ], 
INFO:root:[1387478995.088119: [1, SEMAPHORE_WAIT_START, 0000:07:01.1-1.3] ], 
INFO:root:[1387478995.088240: [1, SEMAPHORE_WAIT_COMPLETE, 0000:07:01.1-1.3] ], 
INFO:root:[1387478995.106614: [1, AUDIO_PLAY_START, 'Escribe el número 1'] ], 
INFO:root:[1387478995.123991: [0, AUDIO_PLAY_COMPLETE, 'Escribe el número 0'] ], 
INFO:root:[1387478995.160112: [0, SEMAPHORE_WAIT_START, 0000:07:01.1-1.2] ], 
INFO:root:[1387478995.160234: [0, SEMAPHORE_WAIT_COMPLETE, 0000:07:01.1-1.2] ], 
INFO:root:[1387478995.178614: [0, AUDIO_PLAY_START, 'Escribe el número 0'] ], 
INFO:root:[1387478996.514866: [1, AUDIO_PLAY_COMPLETE, 'Escribe el número 1'] ], 
INFO:root:[1387478996.659869: [0, AUDIO_PLAY_COMPLETE, 'Escribe el número 0'] ], 
INFO:root:[1387479001.894623: [1, KEYPRESS, '0'] ], 
INFO:root:[1387479003.350400: [1, KEYPRESS, 'Enter'] ], 
INFO:root:[1387479003.353520: [0, SEMAPHORE_WAIT_START, 0000:07:01.1-1.2] ], 
INFO:root:[1387479003.353693: [0, SEMAPHORE_WAIT_COMPLETE, 0000:07:01.1-1.2] ], 
INFO:root:[1387479003.370674: [0, AUDIO_PLAY_START, 'Ingresa tu nombre'] ], 
INFO:root:[1387479004.612055: [0, AUDIO_PLAY_COMPLETE, 'Ingresa tu nombre'] ], 
INFO:root:[1387479007.515006: [1, KEYPRESS, 'Pow'] ], 
INFO:root:[1387479007.515542: [0, SEMAPHORE_WAIT_START, 0000:07:01.1-1.2] ], 
INFO:root:[1387479007.515715: [0, SEMAPHORE_WAIT_COMPLETE, 0000:07:01.1-1.2] ], 
INFO:root:[1387479007.534672: [0, AUDIO_PLAY_START, 'Ingresa tu nombre'] ], 
INFO:root:[1387479008.418920: [1, KEYPRESS, 'Pow'] ], 
INFO:root:[1387479008.775650: [0, AUDIO_PLAY_COMPLETE, 'Ingresa tu nombre'] ], 
INFO:root:[1387479008.812825: [0, SEMAPHORE_WAIT_START, 0000:07:01.1-1.2] ], 
INFO:root:[1387479008.812946: [0, SEMAPHORE_WAIT_COMPLETE, 0000:07:01.1-1.2] ], 
INFO:root:[1387479008.830671: [0, AUDIO_PLAY_START, 'Ingresa tu nombre'] ], 
INFO:root:[1387479010.072533: [0, AUDIO_PLAY_COMPLETE, 'Ingresa tu nombre'] ], 
INFO:root:[1387479011.866640: [1, KEYPRESS, 'u'] ], 
INFO:root:[1387479012.282567: [1, KEYPRESS, 's'] ], 
INFO:root:[1387479012.626433: [1, KEYPRESS, 't'] ], 
INFO:root:[1387479012.965493: [1, KEYPRESS, 'a'] ], 
INFO:root:[1387479013.445428: [1, KEYPRESS, 'k'] ], 
INFO:root:[1387479013.685372: [1, KEYPRESS, 'i'] ], 
INFO:root:[1387479013.853367: [1, KEYPRESS, 'o'] ], 
INFO:root:[1387479014.197317: [1, KEYPRESS, 'Enter'] ], 
INFO:root:[1387479014.197611: [0, PAREAMIENTO, Ustakio] ], 
INFO:root:[1387479014.201667: [0, SEMAPHORE_WAIT_START, 0000:07:01.1-1.2] ], 
INFO:root:[1387479014.201818: [0, SEMAPHORE_WAIT_COMPLETE, 0000:07:01.1-1.2] ], 
INFO:root:[1387479014.218682: [0, AUDIO_PLAY_START, 'Presiona la letra t'] ], 
INFO:root:[1387479015.546998: [0, AUDIO_PLAY_COMPLETE, 'Presiona la letra t'] ], 
INFO:root:[1387479017.372054: [1, KEYPRESS, 'g'] ], 
INFO:root:[1387479017.572017: [1, KEYPRESS, 'k'] ], 
INFO:root:[1387479017.755978: [1, KEYPRESS, 'k'] ], 
INFO:root:[1387479017.921978: [1, KEYPRESS, 'h'] ], 
INFO:root:[1387479018.121936: [1, KEYPRESS, 'j'] ], 
INFO:root:[1387479018.329936: [1, KEYPRESS, 'Enter'] ], 
INFO:root:[1387479018.330227: [0, WRONG_ANSWER, , Presiona la letra t, gkkhj, t] ], 
INFO:root:[1387479018.331025: [0, SEMAPHORE_WAIT_START, 0000:07:01.1-1.2] ], 
INFO:root:[1387479018.331196: [0, SEMAPHORE_WAIT_COMPLETE, 0000:07:01.1-1.2] ], 
INFO:root:[1387479018.351030: [0, AUDIO_PLAY_START, 'Inténtalo de nuevo. '] ], 
INFO:root:[1387479019.632581: [0, AUDIO_PLAY_COMPLETE, 'Inténtalo de nuevo. '] ], 
INFO:root:[1387479019.632798: [0, AUDIO_PLAY_START, 'Presiona la letra t'] ], 
INFO:root:[1387479020.972514: [0, AUDIO_PLAY_COMPLETE, 'Presiona la letra t'] ], 
INFO:root:[1387479022.843495: [0, KEYPRESS, 'k'] ], 
INFO:root:[1387479023.091505: [0, KEYPRESS, 'k'] ], 
INFO:root:[1387479024.643307: [0, KEYPRESS, 'Back'] ], 
INFO:root:[1387479024.940299: [0, KEYPRESS, 'Back'] ], 
INFO:root:[1387479025.995199: [2, KEYPRESS, 'g'] ], 
INFO:root:[1387479026.252161: [2, KEYPRESS, 'g'] ], 
INFO:root:[1387479026.404122: [2, KEYPRESS, 'g'] ], 
INFO:root:[1387479026.612115: [2, KEYPRESS, 'g'] ], 
INFO:root:[1387479027.180085: [2, KEYPRESS, '5'] ], 
INFO:root:[1387479027.508028: [2, KEYPRESS, '5'] ], 
